[0mCurrent CPU architecture: x86_64[0m
[0mProcessor number: 16[0m
[33mCMake Warning (dev) at /usr/lib/x86_64-linux-gnu/cmake/pcl/Modules/FindFLANN.cmake:45 (find_package):
  Policy CMP0144 is not set: find_package uses upper-case <PACKAGENAME>_ROOT
  variables.  Run "cmake --help-policy CMP0144" for policy details.  Use the
  cmake_policy command to set the policy and suppress this warning.

  CMake variable FLANN_ROOT is set to:

    /usr

  For compatibility, find_package is ignoring the variable, but code in a
  .cmake module might still use it.
Call Stack (most recent call first):
  /usr/lib/x86_64-linux-gnu/cmake/pcl/PCLConfig.cmake:261 (find_package)
  /usr/lib/x86_64-linux-gnu/cmake/pcl/PCLConfig.cmake:306 (find_flann)
  /usr/lib/x86_64-linux-gnu/cmake/pcl/PCLConfig.cmake:570 (find_external_library)
  /opt/ros/jazzy/share/pcl_conversions/cmake/ament_cmake_export_dependencies-extras.cmake:21 (find_package)
  /opt/ros/jazzy/share/pcl_conversions/cmake/pcl_conversionsConfig.cmake:41 (include)
  CMakeLists.txt:36 (find_package)
This warning is for project developers.  Use -Wno-dev to suppress it.
[0m
[33mCMake Warning (dev) at CMakeLists.txt:37 (find_package):
  Policy CMP0074 is not set: find_package uses <PackageName>_ROOT variables.
  Run "cmake --help-policy CMP0074" for policy details.  Use the cmake_policy
  command to set the policy and suppress this warning.

  CMake variable PCL_ROOT is set to:

    /usr

  For compatibility, CMake is ignoring the variable.
This warning is for project developers.  Use -Wno-dev to suppress it.
[0m
In file included from [01m[K/usr/include/boost/bind/detail/requires_cxx11.hpp:9[m[K,
                 from [01m[K/usr/include/boost/bind/bind.hpp:24[m[K,
                 from [01m[K/usr/include/boost/bind.hpp:29[m[K,
                 from [01m[K/home/daisuke/unitree_ros_ws/src/point_lio_unilidar/include/../include/IKFoM/IKFoM_toolkit/esekfom/esekfom.hpp:42[m[K,
                 from [01m[K/home/daisuke/unitree_ros_ws/src/point_lio_unilidar/src/Estimator.h:4[m[K,
                 from [01m[K/home/daisuke/unitree_ros_ws/src/point_lio_unilidar/src/Estimator.cpp:2[m[K:
[01m[K/usr/include/boost/bind.hpp:36:1:[m[K [01;36m[Knote: [m[Kâ€˜[01m[K#pragma message: The practice of declaring the Bind placeholders (_1, _2, ...) in the global namespace is deprecated. Please use <boost/bind/bind.hpp> + using namespace boost::placeholders, or define BOOST_BIND_GLOBAL_PLACEHOLDERS to retain the current behavior.[m[Kâ€™
   36 | [01;36m[KBOOST_PRAGMA_MESSAGE[m[K(
      | [01;36m[K^~~~~~~~~~~~~~~~~~~~[m[K
In file included from [01m[K/usr/include/boost/bind/detail/requires_cxx11.hpp:9[m[K,
                 from [01m[K/usr/include/boost/bind/bind.hpp:24[m[K,
                 from [01m[K/usr/include/boost/bind.hpp:29[m[K,
                 from [01m[K/home/daisuke/unitree_ros_ws/src/point_lio_unilidar/include/../include/IKFoM/IKFoM_toolkit/esekfom/esekfom.hpp:42[m[K,
                 from [01m[K/home/daisuke/unitree_ros_ws/src/point_lio_unilidar/src/Estimator.h:4[m[K,
                 from [01m[K/home/daisuke/unitree_ros_ws/src/point_lio_unilidar/src/laserMapping.cpp:36[m[K:
[01m[K/usr/include/boost/bind.hpp:36:1:[m[K [01;36m[Knote: [m[Kâ€˜[01m[K#pragma message: The practice of declaring the Bind placeholders (_1, _2, ...) in the global namespace is deprecated. Please use <boost/bind/bind.hpp> + using namespace boost::placeholders, or define BOOST_BIND_GLOBAL_PLACEHOLDERS to retain the current behavior.[m[Kâ€™
   36 | [01;36m[KBOOST_PRAGMA_MESSAGE[m[K(
      | [01;36m[K^~~~~~~~~~~~~~~~~~~~[m[K
[01m[K/home/daisuke/unitree_ros_ws/src/point_lio_unilidar/src/laserMapping.cpp:[m[K In function â€˜[01m[Kint[01;32m[K main[m[K(int, char**)[m[Kâ€™:
[01m[K/home/daisuke/unitree_ros_ws/src/point_lio_unilidar/src/laserMapping.cpp:952:37:[m[K [01;31m[Kerror: [m[Kconversion from â€˜[01m[Krclcpp::KeepLast[m[Kâ€™ to non-scalar type â€˜[01m[Krclcpp::QoS[m[Kâ€™ requested
  952 |     rclcpp::QoS cloud_qos = rclcpp::[01;31m[KKeepLast(5)[m[K;
      |                                     [01;31m[K^~~~~~~~~~~[m[K
[01m[K/home/daisuke/unitree_ros_ws/src/point_lio_unilidar/src/laserMapping.cpp:1174:33:[m[K [01;31m[Kerror: [m[Kâ€˜[01m[KpubLaserCloudMap_re[m[Kâ€™ was not declared in this scope; did you mean â€˜[01m[KpubLaserCloudMap[m[Kâ€™?
 1174 |             publish_init_kdtree([01;31m[KpubLaserCloudMap_re[m[K, pubLaserCloudMap_be);
      |                                 [01;31m[K^~~~~~~~~~~~~~~~~~~[m[K
      |                                 [32m[KpubLaserCloudMap[m[K
[01m[K/home/daisuke/unitree_ros_ws/src/point_lio_unilidar/src/laserMapping.cpp:1174:54:[m[K [01;31m[Kerror: [m[Kâ€˜[01m[KpubLaserCloudMap_be[m[Kâ€™ was not declared in this scope; did you mean â€˜[01m[KpubLaserCloudMap[m[Kâ€™?
 1174 |             publish_init_kdtree(pubLaserCloudMap_re, [01;31m[KpubLaserCloudMap_be[m[K);
      |                                                      [01;31m[K^~~~~~~~~~~~~~~~~~~[m[K
      |                                                      [32m[KpubLaserCloudMap[m[K
[01m[K/home/daisuke/unitree_ros_ws/src/point_lio_unilidar/src/laserMapping.cpp:1511:33:[m[K [01;31m[Kerror: [m[Kâ€˜[01m[KpubLaserCloudFullRes_re[m[Kâ€™ was not declared in this scope; did you mean â€˜[01m[KpubLaserCloudFullRes[m[Kâ€™?
 1511 |             publish_frame_world([01;31m[KpubLaserCloudFullRes_re[m[K, pubLaserCloudFullRes_be);
      |                                 [01;31m[K^~~~~~~~~~~~~~~~~~~~~~~[m[K
      |                                 [32m[KpubLaserCloudFullRes[m[K
[01m[K/home/daisuke/unitree_ros_ws/src/point_lio_unilidar/src/laserMapping.cpp:1511:58:[m[K [01;31m[Kerror: [m[Kâ€˜[01m[KpubLaserCloudFullRes_be[m[Kâ€™ was not declared in this scope; did you mean â€˜[01m[KpubLaserCloudFullRes_body[m[Kâ€™?
 1511 |             publish_frame_world(pubLaserCloudFullRes_re, [01;31m[KpubLaserCloudFullRes_be[m[K);
      |                                                          [01;31m[K^~~~~~~~~~~~~~~~~~~~~~~[m[K
      |                                                          [32m[KpubLaserCloudFullRes_body[m[K
[01m[K/home/daisuke/unitree_ros_ws/src/point_lio_unilidar/src/laserMapping.cpp:1514:32:[m[K [01;31m[Kerror: [m[Kâ€˜[01m[KpubLaserCloudFullRes_body_re[m[Kâ€™ was not declared in this scope; did you mean â€˜[01m[KpubLaserCloudFullRes_body[m[Kâ€™?
 1514 |             publish_frame_body([01;31m[KpubLaserCloudFullRes_body_re[m[K, pubLaserCloudFullRes_body_be);
      |                                [01;31m[K^~~~~~~~~~~~~~~~~~~~~~~~~~~~[m[K
      |                                [32m[KpubLaserCloudFullRes_body[m[K
[01m[K/home/daisuke/unitree_ros_ws/src/point_lio_unilidar/src/laserMapping.cpp:1514:62:[m[K [01;31m[Kerror: [m[Kâ€˜[01m[KpubLaserCloudFullRes_body_be[m[Kâ€™ was not declared in this scope; did you mean â€˜[01m[KpubLaserCloudFullRes_body[m[Kâ€™?
 1514 |             publish_frame_body(pubLaserCloudFullRes_body_re, [01;31m[KpubLaserCloudFullRes_body_be[m[K);
      |                                                              [01;31m[K^~~~~~~~~~~~~~~~~~~~~~~~~~~~[m[K
      |                                                              [32m[KpubLaserCloudFullRes_body[m[K
gmake[2]: *** [CMakeFiles/pointlio_mapping.dir/build.make:76: CMakeFiles/pointlio_mapping.dir/src/laserMapping.cpp.o] Error 1
gmake[1]: *** [CMakeFiles/Makefile2:137: CMakeFiles/pointlio_mapping.dir/all] Error 2
gmake: *** [Makefile:146: all] Error 2
